Performing C SOURCE FILE Test CMAKE_HAVE_LIBC_PTHREAD failed with the following output:
Change Dir: /media/dai/Seagate Basic1/学习总文件夹/网课/C++/linux_shm/cmake-build-debug/CMakeFiles/CMakeTmp

Run Build Command(s):/usr/bin/make cmTC_fce61/fast && /usr/bin/make -f CMakeFiles/cmTC_fce61.dir/build.make CMakeFiles/cmTC_fce61.dir/build
make[1]: 进入目录“/media/dai/Seagate Basic1/学习总文件夹/网课/C++/linux_shm/cmake-build-debug/CMakeFiles/CMakeTmp”
Building C object CMakeFiles/cmTC_fce61.dir/src.c.o
/usr/bin/gcc-7   -fPIC -DCMAKE_HAVE_LIBC_PTHREAD   -o CMakeFiles/cmTC_fce61.dir/src.c.o   -c "/media/dai/Seagate Basic1/学习总文件夹/网课/C++/linux_shm/cmake-build-debug/CMakeFiles/CMakeTmp/src.c"
Linking C executable cmTC_fce61
/home/dai/commom/CLion-2019.3.2/clion-2019.3.2/bin/cmake/linux/bin/cmake -E cmake_link_script CMakeFiles/cmTC_fce61.dir/link.txt --verbose=1
/usr/bin/gcc-7 -fPIC -DCMAKE_HAVE_LIBC_PTHREAD    CMakeFiles/cmTC_fce61.dir/src.c.o  -o cmTC_fce61 
CMakeFiles/cmTC_fce61.dir/src.c.o：在函数‘main’中：
src.c:(.text+0x3e)：对‘pthread_create’未定义的引用
src.c:(.text+0x4a)：对‘pthread_detach’未定义的引用
src.c:(.text+0x5b)：对‘pthread_join’未定义的引用
src.c:(.text+0x6f)：对‘pthread_atfork’未定义的引用
collect2: error: ld returned 1 exit status
CMakeFiles/cmTC_fce61.dir/build.make:86: recipe for target 'cmTC_fce61' failed
make[1]: *** [cmTC_fce61] Error 1
make[1]: 离开目录“/media/dai/Seagate Basic1/学习总文件夹/网课/C++/linux_shm/cmake-build-debug/CMakeFiles/CMakeTmp”
Makefile:121: recipe for target 'cmTC_fce61/fast' failed
make: *** [cmTC_fce61/fast] Error 2


Source file was:
#include <pthread.h>

void* test_func(void* data)
{
  return data;
}

int main(void)
{
  pthread_t thread;
  pthread_create(&thread, NULL, test_func, NULL);
  pthread_detach(thread);
  pthread_join(thread, NULL);
  pthread_atfork(NULL, NULL, NULL);
  pthread_exit(NULL);

  return 0;
}

Determining if the function pthread_create exists in the pthreads failed with the following output:
Change Dir: /media/dai/Seagate Basic1/学习总文件夹/网课/C++/linux_shm/cmake-build-debug/CMakeFiles/CMakeTmp

Run Build Command(s):/usr/bin/make cmTC_66ca6/fast && /usr/bin/make -f CMakeFiles/cmTC_66ca6.dir/build.make CMakeFiles/cmTC_66ca6.dir/build
make[1]: 进入目录“/media/dai/Seagate Basic1/学习总文件夹/网课/C++/linux_shm/cmake-build-debug/CMakeFiles/CMakeTmp”
Building C object CMakeFiles/cmTC_66ca6.dir/CheckFunctionExists.c.o
/usr/bin/gcc-7   -fPIC -DCHECK_FUNCTION_EXISTS=pthread_create   -o CMakeFiles/cmTC_66ca6.dir/CheckFunctionExists.c.o   -c /home/dai/commom/CLion-2019.3.2/clion-2019.3.2/bin/cmake/linux/share/cmake-3.15/Modules/CheckFunctionExists.c
Linking C executable cmTC_66ca6
/home/dai/commom/CLion-2019.3.2/clion-2019.3.2/bin/cmake/linux/bin/cmake -E cmake_link_script CMakeFiles/cmTC_66ca6.dir/link.txt --verbose=1
/usr/bin/gcc-7 -fPIC -DCHECK_FUNCTION_EXISTS=pthread_create    CMakeFiles/cmTC_66ca6.dir/CheckFunctionExists.c.o  -o cmTC_66ca6 -lpthreads 
/usr/bin/ld: 找不到 -lpthreads
collect2: error: ld returned 1 exit status
CMakeFiles/cmTC_66ca6.dir/build.make:86: recipe for target 'cmTC_66ca6' failed
make[1]: *** [cmTC_66ca6] Error 1
make[1]: 离开目录“/media/dai/Seagate Basic1/学习总文件夹/网课/C++/linux_shm/cmake-build-debug/CMakeFiles/CMakeTmp”
Makefile:121: recipe for target 'cmTC_66ca6/fast' failed
make: *** [cmTC_66ca6/fast] Error 2



