Performing C SOURCE FILE Test CMAKE_HAVE_LIBC_PTHREAD failed with the following output:
Change Dir: /media/dai/Seagate Basic1/学习总文件夹/网课/线程和线程池/code/build/CMakeFiles/CMakeTmp

Run Build Command(s):/usr/bin/make -f Makefile cmTC_7a5af/fast && /usr/bin/make  -f CMakeFiles/cmTC_7a5af.dir/build.make CMakeFiles/cmTC_7a5af.dir/build
make[1]: 进入目录“/media/dai/Seagate Basic1/学习总文件夹/网课/线程和线程池/code/build/CMakeFiles/CMakeTmp”
Building C object CMakeFiles/cmTC_7a5af.dir/src.c.o
/usr/bin/cc -DCMAKE_HAVE_LIBC_PTHREAD   -o CMakeFiles/cmTC_7a5af.dir/src.c.o -c "/media/dai/Seagate Basic1/学习总文件夹/网课/线程和线程池/code/build/CMakeFiles/CMakeTmp/src.c"
Linking C executable cmTC_7a5af
/home/dai/commom/cmake-3.23.0-rc1-linux-x86_64/bin/cmake -E cmake_link_script CMakeFiles/cmTC_7a5af.dir/link.txt --verbose=1
/usr/bin/cc -rdynamic CMakeFiles/cmTC_7a5af.dir/src.c.o -o cmTC_7a5af 
CMakeFiles/cmTC_7a5af.dir/src.c.o：在函数‘main’中：
src.c:(.text+0x3e)：对‘pthread_create’未定义的引用
src.c:(.text+0x4a)：对‘pthread_detach’未定义的引用
src.c:(.text+0x56)：对‘pthread_cancel’未定义的引用
src.c:(.text+0x67)：对‘pthread_join’未定义的引用
src.c:(.text+0x7b)：对‘pthread_atfork’未定义的引用
collect2: error: ld returned 1 exit status
CMakeFiles/cmTC_7a5af.dir/build.make:98: recipe for target 'cmTC_7a5af' failed
make[1]: *** [cmTC_7a5af] Error 1
make[1]: 离开目录“/media/dai/Seagate Basic1/学习总文件夹/网课/线程和线程池/code/build/CMakeFiles/CMakeTmp”
Makefile:127: recipe for target 'cmTC_7a5af/fast' failed
make: *** [cmTC_7a5af/fast] Error 2


Source file was:
#include <pthread.h>

static void* test_func(void* data)
{
  return data;
}

int main(void)
{
  pthread_t thread;
  pthread_create(&thread, NULL, test_func, NULL);
  pthread_detach(thread);
  pthread_cancel(thread);
  pthread_join(thread, NULL);
  pthread_atfork(NULL, NULL, NULL);
  pthread_exit(NULL);

  return 0;
}

Determining if the function pthread_create exists in the pthreads failed with the following output:
Change Dir: /media/dai/Seagate Basic1/学习总文件夹/网课/线程和线程池/code/build/CMakeFiles/CMakeTmp

Run Build Command(s):/usr/bin/make -f Makefile cmTC_f7abf/fast && /usr/bin/make  -f CMakeFiles/cmTC_f7abf.dir/build.make CMakeFiles/cmTC_f7abf.dir/build
make[1]: 进入目录“/media/dai/Seagate Basic1/学习总文件夹/网课/线程和线程池/code/build/CMakeFiles/CMakeTmp”
Building C object CMakeFiles/cmTC_f7abf.dir/CheckFunctionExists.c.o
/usr/bin/cc   -DCHECK_FUNCTION_EXISTS=pthread_create -o CMakeFiles/cmTC_f7abf.dir/CheckFunctionExists.c.o -c /home/dai/commom/cmake-3.23.0-rc1-linux-x86_64/share/cmake-3.23/Modules/CheckFunctionExists.c
Linking C executable cmTC_f7abf
/home/dai/commom/cmake-3.23.0-rc1-linux-x86_64/bin/cmake -E cmake_link_script CMakeFiles/cmTC_f7abf.dir/link.txt --verbose=1
/usr/bin/cc  -DCHECK_FUNCTION_EXISTS=pthread_create -rdynamic CMakeFiles/cmTC_f7abf.dir/CheckFunctionExists.c.o -o cmTC_f7abf  -lpthreads 
/usr/bin/ld: 找不到 -lpthreads
collect2: error: ld returned 1 exit status
CMakeFiles/cmTC_f7abf.dir/build.make:98: recipe for target 'cmTC_f7abf' failed
make[1]: *** [cmTC_f7abf] Error 1
make[1]: 离开目录“/media/dai/Seagate Basic1/学习总文件夹/网课/线程和线程池/code/build/CMakeFiles/CMakeTmp”
Makefile:127: recipe for target 'cmTC_f7abf/fast' failed
make: *** [cmTC_f7abf/fast] Error 2



