Performing C++ SOURCE FILE Test CMAKE_HAVE_LIBC_PTHREAD failed with the following output:
Change Dir: /media/dai/Seagate Basic1/学习总文件夹/网课/简单谈一下cuda/build/CMakeFiles/CMakeTmp

Run Build Command(s):/usr/bin/make -f Makefile cmTC_95fee/fast && /usr/bin/make  -f CMakeFiles/cmTC_95fee.dir/build.make CMakeFiles/cmTC_95fee.dir/build
make[1]: 进入目录“/media/dai/Seagate Basic1/学习总文件夹/网课/简单谈一下cuda/build/CMakeFiles/CMakeTmp”
Building CXX object CMakeFiles/cmTC_95fee.dir/src.cxx.o
/usr/bin/c++ -DCMAKE_HAVE_LIBC_PTHREAD   -o CMakeFiles/cmTC_95fee.dir/src.cxx.o -c "/media/dai/Seagate Basic1/学习总文件夹/网课/简单谈一下cuda/build/CMakeFiles/CMakeTmp/src.cxx"
Linking CXX executable cmTC_95fee
/home/dai/commom/cmake-3.23.0-rc1-linux-x86_64/bin/cmake -E cmake_link_script CMakeFiles/cmTC_95fee.dir/link.txt --verbose=1
/usr/bin/c++ CMakeFiles/cmTC_95fee.dir/src.cxx.o -o cmTC_95fee 
CMakeFiles/cmTC_95fee.dir/src.cxx.o：在函数‘main’中：
src.cxx:(.text+0x3e)：对‘pthread_create’未定义的引用
src.cxx:(.text+0x4a)：对‘pthread_detach’未定义的引用
src.cxx:(.text+0x56)：对‘pthread_cancel’未定义的引用
src.cxx:(.text+0x67)：对‘pthread_join’未定义的引用
src.cxx:(.text+0x7b)：对‘pthread_atfork’未定义的引用
collect2: error: ld returned 1 exit status
CMakeFiles/cmTC_95fee.dir/build.make:98: recipe for target 'cmTC_95fee' failed
make[1]: *** [cmTC_95fee] Error 1
make[1]: 离开目录“/media/dai/Seagate Basic1/学习总文件夹/网课/简单谈一下cuda/build/CMakeFiles/CMakeTmp”
Makefile:127: recipe for target 'cmTC_95fee/fast' failed
make: *** [cmTC_95fee/fast] Error 2


Source file was:
#include <pthread.h>

static void* test_func(void* data)
{
  return data;
}

int main(void)
{
  pthread_t thread;
  pthread_create(&thread, NULL, test_func, NULL);
  pthread_detach(thread);
  pthread_cancel(thread);
  pthread_join(thread, NULL);
  pthread_atfork(NULL, NULL, NULL);
  pthread_exit(NULL);

  return 0;
}

Determining if the function pthread_create exists in the pthreads failed with the following output:
Change Dir: /media/dai/Seagate Basic1/学习总文件夹/网课/简单谈一下cuda/build/CMakeFiles/CMakeTmp

Run Build Command(s):/usr/bin/make -f Makefile cmTC_e47df/fast && /usr/bin/make  -f CMakeFiles/cmTC_e47df.dir/build.make CMakeFiles/cmTC_e47df.dir/build
make[1]: 进入目录“/media/dai/Seagate Basic1/学习总文件夹/网课/简单谈一下cuda/build/CMakeFiles/CMakeTmp”
Building CXX object CMakeFiles/cmTC_e47df.dir/CheckFunctionExists.cxx.o
/usr/bin/c++   -DCHECK_FUNCTION_EXISTS=pthread_create -o CMakeFiles/cmTC_e47df.dir/CheckFunctionExists.cxx.o -c "/media/dai/Seagate Basic1/学习总文件夹/网课/简单谈一下cuda/build/CMakeFiles/CheckLibraryExists/CheckFunctionExists.cxx"
Linking CXX executable cmTC_e47df
/home/dai/commom/cmake-3.23.0-rc1-linux-x86_64/bin/cmake -E cmake_link_script CMakeFiles/cmTC_e47df.dir/link.txt --verbose=1
/usr/bin/c++  -DCHECK_FUNCTION_EXISTS=pthread_create CMakeFiles/cmTC_e47df.dir/CheckFunctionExists.cxx.o -o cmTC_e47df  -lpthreads 
/usr/bin/ld: 找不到 -lpthreads
collect2: error: ld returned 1 exit status
CMakeFiles/cmTC_e47df.dir/build.make:98: recipe for target 'cmTC_e47df' failed
make[1]: *** [cmTC_e47df] Error 1
make[1]: 离开目录“/media/dai/Seagate Basic1/学习总文件夹/网课/简单谈一下cuda/build/CMakeFiles/CMakeTmp”
Makefile:127: recipe for target 'cmTC_e47df/fast' failed
make: *** [cmTC_e47df/fast] Error 2



Determining if the pthread_create exist failed with the following output:
Change Dir: /media/dai/Seagate Basic1/学习总文件夹/网课/简单谈一下cuda/build/CMakeFiles/CMakeTmp

Run Build Command:"/usr/bin/make" "cmTC_09fba/fast"
/usr/bin/make -f CMakeFiles/cmTC_09fba.dir/build.make CMakeFiles/cmTC_09fba.dir/build
make[1]: 进入目录“/media/dai/Seagate Basic1/学习总文件夹/网课/简单谈一下cuda/build/CMakeFiles/CMakeTmp”
Building CXX object CMakeFiles/cmTC_09fba.dir/CheckSymbolExists.cxx.o
/usr/bin/c++     -o CMakeFiles/cmTC_09fba.dir/CheckSymbolExists.cxx.o -c "/media/dai/Seagate Basic1/学习总文件夹/网课/简单谈一下cuda/build/CMakeFiles/CMakeTmp/CheckSymbolExists.cxx"
Linking CXX executable cmTC_09fba
/usr/bin/cmake -E cmake_link_script CMakeFiles/cmTC_09fba.dir/link.txt --verbose=1
/usr/bin/c++       CMakeFiles/cmTC_09fba.dir/CheckSymbolExists.cxx.o  -o cmTC_09fba 
CMakeFiles/cmTC_09fba.dir/CheckSymbolExists.cxx.o：在函数‘main’中：
CheckSymbolExists.cxx:(.text+0x1b)：对‘pthread_create’未定义的引用
collect2: error: ld returned 1 exit status
CMakeFiles/cmTC_09fba.dir/build.make:97: recipe for target 'cmTC_09fba' failed
make[1]: *** [cmTC_09fba] Error 1
make[1]: 离开目录“/media/dai/Seagate Basic1/学习总文件夹/网课/简单谈一下cuda/build/CMakeFiles/CMakeTmp”
Makefile:126: recipe for target 'cmTC_09fba/fast' failed
make: *** [cmTC_09fba/fast] Error 2

File /media/dai/Seagate Basic1/学习总文件夹/网课/简单谈一下cuda/build/CMakeFiles/CMakeTmp/CheckSymbolExists.cxx:
/* */
#include <pthread.h>

int main(int argc, char** argv)
{
  (void)argv;
#ifndef pthread_create
  return ((int*)(&pthread_create))[argc];
#else
  (void)argc;
  return 0;
#endif
}

